<?xml version="1.0" encoding="UTF-8"?>
<coverage generated="1763914746778" clover="3.2.0">
  <project timestamp="1763914746779" name="All files">
    <metrics statements="5" coveredstatements="5" conditionals="6" coveredconditionals="6" methods="4" coveredmethods="4" elements="15" coveredelements="15" complexity="0" loc="5" ncloc="5" packages="3" files="6" classes="6"/>
    <package name="assets">
      <metrics statements="0" coveredstatements="0" conditionals="0" coveredconditionals="0" methods="0" coveredmethods="0"/>
      <file name="LOGOFOOTER.svg" path="C:\Users\user\OneDrive\Bureau\projet 8\TesteurLogiciel_appli_location_immobiliere_React-main\my-react-app\src\assets\LOGOFOOTER.svg">
        <metrics statements="0" coveredstatements="0" conditionals="0" coveredconditionals="0" methods="0" coveredmethods="0"/>
      </file>
      <file name="Vector.png" path="C:\Users\user\OneDrive\Bureau\projet 8\TesteurLogiciel_appli_location_immobiliere_React-main\my-react-app\src\assets\Vector.png">
        <metrics statements="0" coveredstatements="0" conditionals="0" coveredconditionals="0" methods="0" coveredmethods="0"/>
      </file>
    </package>
    <package name="components.Collapse">
      <metrics statements="4" coveredstatements="4" conditionals="6" coveredconditionals="6" methods="3" coveredmethods="3"/>
      <file name="Collapse.jsx" path="C:\Users\user\OneDrive\Bureau\projet 8\TesteurLogiciel_appli_location_immobiliere_React-main\my-react-app\src\components\Collapse\Collapse.jsx">
        <metrics statements="4" coveredstatements="4" conditionals="6" coveredconditionals="6" methods="3" coveredmethods="3"/>
        <line num="6" count="5" type="stmt"/>
        <line num="10" count="5" type="stmt"/>
        <line num="14" count="1" type="cond" truecount="2" falsecount="0"/>
        <line num="19" count="4" type="stmt"/>
      </file>
      <file name="collapse.css" path="C:\Users\user\OneDrive\Bureau\projet 8\TesteurLogiciel_appli_location_immobiliere_React-main\my-react-app\src\components\Collapse\collapse.css">
        <metrics statements="0" coveredstatements="0" conditionals="0" coveredconditionals="0" methods="0" coveredmethods="0"/>
      </file>
    </package>
    <package name="components.Footer">
      <metrics statements="1" coveredstatements="1" conditionals="0" coveredconditionals="0" methods="1" coveredmethods="1"/>
      <file name="Footer.jsx" path="C:\Users\user\OneDrive\Bureau\projet 8\TesteurLogiciel_appli_location_immobiliere_React-main\my-react-app\src\components\Footer\Footer.jsx">
        <metrics statements="1" coveredstatements="1" conditionals="0" coveredconditionals="0" methods="1" coveredmethods="1"/>
        <line num="6" count="1" type="stmt"/>
      </file>
      <file name="footer.css" path="C:\Users\user\OneDrive\Bureau\projet 8\TesteurLogiciel_appli_location_immobiliere_React-main\my-react-app\src\components\Footer\footer.css">
        <metrics statements="0" coveredstatements="0" conditionals="0" coveredconditionals="0" methods="0" coveredmethods="0"/>
      </file>
    </package>
  </project>
</coverage>
