{"C:\\Users\\user\\OneDrive\\Bureau\\projet 8\\TesteurLogiciel_appli_location_immobiliere_React-main\\my-react-app\\src\\assets\\LOGOFOOTER.svg": {"path":"C:\\Users\\user\\OneDrive\\Bureau\\projet 8\\TesteurLogiciel_appli_location_immobiliere_React-main\\my-react-app\\src\\assets\\LOGOFOOTER.svg","statementMap":{},"fnMap":{},"branchMap":{},"s":{},"f":{},"b":{},"meta":{"lastBranch":0,"lastFunction":0,"lastStatement":0,"seen":{}}}
,"C:\\Users\\user\\OneDrive\\Bureau\\projet 8\\TesteurLogiciel_appli_location_immobiliere_React-main\\my-react-app\\src\\assets\\Vector.png": {"path":"C:\\Users\\user\\OneDrive\\Bureau\\projet 8\\TesteurLogiciel_appli_location_immobiliere_React-main\\my-react-app\\src\\assets\\Vector.png","statementMap":{},"fnMap":{},"branchMap":{},"s":{},"f":{},"b":{},"meta":{"lastBranch":0,"lastFunction":0,"lastStatement":0,"seen":{}}}
,"C:\\Users\\user\\OneDrive\\Bureau\\projet 8\\TesteurLogiciel_appli_location_immobiliere_React-main\\my-react-app\\src\\components\\Collapse\\Collapse.jsx": {"path":"C:\\Users\\user\\OneDrive\\Bureau\\projet 8\\TesteurLogiciel_appli_location_immobiliere_React-main\\my-react-app\\src\\components\\Collapse\\Collapse.jsx","statementMap":{"0":{"start":{"line":6,"column":38},"end":{"line":6,"column":null}},"1":{"start":{"line":10,"column":4},"end":{"line":23,"column":null}},"2":{"start":{"line":14,"column":127},"end":{"line":14,"column":157}},"3":{"start":{"line":19,"column":44},"end":{"line":19,"column":77}}},"fnMap":{"0":{"name":"Collapse","decl":{"start":{"line":5,"column":9},"end":{"line":5,"column":18}},"loc":{"start":{"line":5,"column":35},"end":{"line":25,"column":null}},"line":5},"1":{"name":"(anonymous_1)","decl":{"start":{"line":14,"column":121},"end":{"line":14,"column":127}},"loc":{"start":{"line":14,"column":127},"end":{"line":14,"column":157}},"line":14},"2":{"name":"(anonymous_2)","decl":{"start":{"line":19,"column":30},"end":{"line":19,"column":31}},"loc":{"start":{"line":19,"column":44},"end":{"line":19,"column":77}},"line":19}},"branchMap":{"0":{"loc":{"start":{"line":14,"column":73},"end":{"line":14,"column":108}},"type":"cond-expr","locations":[{"start":{"line":14,"column":88},"end":{"line":14,"column":106}},{"start":{"line":14,"column":106},"end":{"line":14,"column":108}}],"line":14},"1":{"loc":{"start":{"line":17,"column":39},"end":{"line":17,"column":67}},"type":"cond-expr","locations":[{"start":{"line":17,"column":54},"end":{"line":17,"column":65}},{"start":{"line":17,"column":65},"end":{"line":17,"column":67}}],"line":17},"2":{"loc":{"start":{"line":18,"column":17},"end":{"line":20,"column":null}},"type":"cond-expr","locations":[{"start":{"line":18,"column":40},"end":{"line":20,"column":25}},{"start":{"line":20,"column":25},"end":{"line":20,"column":null}}],"line":18}},"s":{"0":5,"1":5,"2":1,"3":4},"f":{"0":5,"1":1,"2":4},"b":{"0":[1,4],"1":[1,4],"2":[1,4]},"meta":{"lastBranch":3,"lastFunction":3,"lastStatement":4,"seen":{"f:5:9:5:18":0,"s:6:38:6:Infinity":0,"s:10:4:23:Infinity":1,"b:14:88:14:106:14:106:14:108":0,"f:14:121:14:127":1,"s:14:127:14:157":2,"b:17:54:17:65:17:65:17:67":1,"b:18:40:20:25:20:25:20:Infinity":2,"f:19:30:19:31":2,"s:19:44:19:77":3}}}
,"C:\\Users\\user\\OneDrive\\Bureau\\projet 8\\TesteurLogiciel_appli_location_immobiliere_React-main\\my-react-app\\src\\components\\Collapse\\collapse.css": {"path":"C:\\Users\\user\\OneDrive\\Bureau\\projet 8\\TesteurLogiciel_appli_location_immobiliere_React-main\\my-react-app\\src\\components\\Collapse\\collapse.css","statementMap":{},"fnMap":{},"branchMap":{},"s":{},"f":{},"b":{},"meta":{"lastBranch":0,"lastFunction":0,"lastStatement":0,"seen":{}}}
,"C:\\Users\\user\\OneDrive\\Bureau\\projet 8\\TesteurLogiciel_appli_location_immobiliere_React-main\\my-react-app\\src\\components\\Footer\\Footer.jsx": {"path":"C:\\Users\\user\\OneDrive\\Bureau\\projet 8\\TesteurLogiciel_appli_location_immobiliere_React-main\\my-react-app\\src\\components\\Footer\\Footer.jsx","statementMap":{"0":{"start":{"line":6,"column":2},"end":{"line":10,"column":null}}},"fnMap":{"0":{"name":"Footer","decl":{"start":{"line":4,"column":9},"end":{"line":4,"column":18}},"loc":{"start":{"line":4,"column":18},"end":{"line":12,"column":null}},"line":4}},"branchMap":{},"s":{"0":1},"f":{"0":1},"b":{},"meta":{"lastBranch":0,"lastFunction":1,"lastStatement":1,"seen":{"f:4:9:4:18":0,"s:6:2:10:Infinity":0}}}
,"C:\\Users\\user\\OneDrive\\Bureau\\projet 8\\TesteurLogiciel_appli_location_immobiliere_React-main\\my-react-app\\src\\components\\Footer\\footer.css": {"path":"C:\\Users\\user\\OneDrive\\Bureau\\projet 8\\TesteurLogiciel_appli_location_immobiliere_React-main\\my-react-app\\src\\components\\Footer\\footer.css","statementMap":{},"fnMap":{},"branchMap":{},"s":{},"f":{},"b":{},"meta":{"lastBranch":0,"lastFunction":0,"lastStatement":0,"seen":{}}}
}
